2022.08.07 01:28:27 INFO  tracing is disabled for protocol LSP, to enable tracing of incoming and outgoing JSON messages create an empty file at /Users/vivek/Desktop/github/scala-learn-exercise/.metals/lsp.trace.json or /Users/vivek/Library/Caches/org.scalameta.metals/lsp.trace.json[0m
2022.08.07 01:28:28 INFO  logging to file /Users/vivek/Desktop/github/scala-learn-exercise/.metals/metals.log[0m
2022.08.07 01:28:28 INFO  Started: Metals version 0.11.7+19-1405f4de-SNAPSHOT in workspace '/Users/vivek/Desktop/github/scala-learn-exercise' for client Visual Studio Code 1.69.2.[0m
2022.08.07 01:28:31 INFO  time: initialize in 3.3s[0m
2022.08.07 01:28:31 WARN  Flyway upgrade recommended: H2 2.1.214 is newer than this version of Flyway and support has not been tested. The latest supported version of H2 is 2.1.210.[0m
2022.08.07 01:28:31 WARN  Build server is not auto-connectable.[0m
2022.08.07 01:28:31 WARN  no build tool detected in workspace '/Users/vivek/Desktop/github/scala-learn-exercise'. The most common cause for this problem is that the editor was opened in the wrong working directory, for example if you use sbt then the workspace directory should contain build.sbt. [0m
2022.08.07 01:28:32 WARN  no build target for: /Users/vivek/Desktop/github/scala-learn-exercise/hello.scala[0m
2022.08.07 01:28:47 INFO  no build target found for /Users/vivek/Desktop/github/scala-learn-exercise/hello.scala. Using presentation compiler with project's scala-library version: 3.1.3[0m
2022.08.07 01:28:49 INFO  time: code lens generation in 11s[0m
2022.08.07 01:30:33 WARN  no build target for: /Users/vivek/Desktop/github/scala-learn-exercise/main.scala[0m
2022.08.07 01:31:07 WARN  no build target for: /Users/vivek/Desktop/github/scala-learn-exercise/hello.scala[0m
Downloading https://repo1.maven.org/maven2/org/scalameta/scalafmt-core_2.13/3.5.3/scalafmt-core_2.13-3.5.3.pom
Downloaded https://repo1.maven.org/maven2/org/scalameta/scalafmt-core_2.13/3.5.3/scalafmt-core_2.13-3.5.3.pom
Downloading https://repo1.maven.org/maven2/org/scalameta/scalameta_2.13/4.5.5/scalameta_2.13-4.5.5.pom
Downloading https://repo1.maven.org/maven2/org/scalameta/scalafmt-config_2.13/3.5.3/scalafmt-config_2.13-3.5.3.pom
Downloading https://repo1.maven.org/maven2/org/scalameta/scalafmt-sysops_2.13/3.5.3/scalafmt-sysops_2.13-3.5.3.pom
Downloaded https://repo1.maven.org/maven2/org/scalameta/scalameta_2.13/4.5.5/scalameta_2.13-4.5.5.pom
Downloaded https://repo1.maven.org/maven2/org/scalameta/scalafmt-sysops_2.13/3.5.3/scalafmt-sysops_2.13-3.5.3.pom
Downloaded https://repo1.maven.org/maven2/org/scalameta/scalafmt-config_2.13/3.5.3/scalafmt-config_2.13-3.5.3.pom
Downloading https://repo1.maven.org/maven2/org/scalameta/parsers_2.13/4.5.5/parsers_2.13-4.5.5.pom
Downloaded https://repo1.maven.org/maven2/org/scalameta/parsers_2.13/4.5.5/parsers_2.13-4.5.5.pom
Downloading https://repo1.maven.org/maven2/com/typesafe/config/1.4.1/config-1.4.1.pom
Downloading https://repo1.maven.org/maven2/org/scalameta/trees_2.13/4.5.5/trees_2.13-4.5.5.pom
Downloaded https://repo1.maven.org/maven2/org/scalameta/trees_2.13/4.5.5/trees_2.13-4.5.5.pom
Downloaded https://repo1.maven.org/maven2/com/typesafe/config/1.4.1/config-1.4.1.pom
Downloading https://repo1.maven.org/maven2/org/scalameta/common_2.13/4.5.5/common_2.13-4.5.5.pom
Downloaded https://repo1.maven.org/maven2/org/scalameta/common_2.13/4.5.5/common_2.13-4.5.5.pom
Downloading https://repo1.maven.org/maven2/org/scalameta/trees_2.13/4.5.5/trees_2.13-4.5.5.jar
Downloading https://repo1.maven.org/maven2/com/typesafe/config/1.4.1/config-1.4.1.jar
Downloading https://repo1.maven.org/maven2/org/scalameta/scalafmt-core_2.13/3.5.3/scalafmt-core_2.13-3.5.3.jar
Downloading https://repo1.maven.org/maven2/org/scalameta/parsers_2.13/4.5.5/parsers_2.13-4.5.5.jar
Downloading https://repo1.maven.org/maven2/org/scalameta/scalafmt-config_2.13/3.5.3/scalafmt-config_2.13-3.5.3.jar
Downloading https://repo1.maven.org/maven2/org/scalameta/scalameta_2.13/4.5.5/scalameta_2.13-4.5.5.jar
Downloaded https://repo1.maven.org/maven2/org/scalameta/scalafmt-config_2.13/3.5.3/scalafmt-config_2.13-3.5.3.jar
Downloading https://repo1.maven.org/maven2/org/scalameta/scalafmt-sysops_2.13/3.5.3/scalafmt-sysops_2.13-3.5.3.jar
Downloaded https://repo1.maven.org/maven2/com/typesafe/config/1.4.1/config-1.4.1.jar
Downloading https://repo1.maven.org/maven2/org/scalameta/common_2.13/4.5.5/common_2.13-4.5.5.jar
Downloaded https://repo1.maven.org/maven2/org/scalameta/scalafmt-sysops_2.13/3.5.3/scalafmt-sysops_2.13-3.5.3.jar
Downloaded https://repo1.maven.org/maven2/org/scalameta/parsers_2.13/4.5.5/parsers_2.13-4.5.5.jar
Downloaded https://repo1.maven.org/maven2/org/scalameta/scalafmt-core_2.13/3.5.3/scalafmt-core_2.13-3.5.3.jar
Downloaded https://repo1.maven.org/maven2/org/scalameta/scalameta_2.13/4.5.5/scalameta_2.13-4.5.5.jar
Downloaded https://repo1.maven.org/maven2/org/scalameta/common_2.13/4.5.5/common_2.13-4.5.5.jar
Downloaded https://repo1.maven.org/maven2/org/scalameta/trees_2.13/4.5.5/trees_2.13-4.5.5.jar
2022.08.07 01:31:45 WARN  no build target for: /Users/vivek/Desktop/github/scala-learn-exercise/hello.scala[0m
2022.08.07 01:31:46 WARN  no build target for: /Users/vivek/Desktop/github/scala-learn-exercise/hello.scala[0m
Aug 07, 2022 2:20:02 AM org.eclipse.lsp4j.jsonrpc.RemoteEndpoint handleCancellation
WARNING: Unmatched cancel notification for request id 160
2022.08.07 02:20:33 WARN  no build target for: /Users/vivek/Desktop/github/scala-learn-exercise/hello.scala[0m
